This is pdfTeX, Version 3.14159265-2.6-1.40.21 (TeX Live 2020/W32TeX) (preloaded format=pdflatex 2020.12.23)  5 JUN 2021 00:06
entering extended mode
 restricted \write18 enabled.
 %&-line parsing enabled.
**Java01.tex
(./Java01.tex
LaTeX2e <2020-02-02> patch level 5
L3 programming layer <2020-03-06>
(d:/Softwares/TexLive/texlive/2020/texmf-dist/tex/latex/base/article.cls
Document Class: article 2019/12/20 v1.4l Standard LaTeX document class
(d:/Softwares/TexLive/texlive/2020/texmf-dist/tex/latex/base/size10.clo
File: size10.clo 2019/12/20 v1.4l Standard LaTeX file (size option)
)
\c@part=\count167
\c@section=\count168
\c@subsection=\count169
\c@subsubsection=\count170
\c@paragraph=\count171
\c@subparagraph=\count172
\c@figure=\count173
\c@table=\count174
\abovecaptionskip=\skip47
\belowcaptionskip=\skip48
\bibindent=\dimen134
)
(d:/Softwares/TexLive/texlive/2020/texmf-dist/tex/latex/ctex/ctex.sty
(d:/Softwares/TexLive/texlive/2020/texmf-dist/tex/latex/l3kernel/expl3.sty
Package: expl3 2020-03-06 L3 programming layer (loader) 

(d:/Softwares/TexLive/texlive/2020/texmf-dist/tex/latex/l3backend/l3backend-pdf
mode.def
File: l3backend-pdfmode.def 2020-03-12 L3 backend support: PDF mode
\l__kernel_color_stack_int=\count175
\l__pdf_internal_box=\box45
))
Package: ctex 2019/05/29 v2.4.16 Chinese adapter in LaTeX (CTEX)

(d:/Softwares/TexLive/texlive/2020/texmf-dist/tex/latex/l3packages/xparse/xpars
e.sty
Package: xparse 2020-03-06 L3 Experimental document command parser
\l__xparse_current_arg_int=\count176
\g__xparse_grabber_int=\count177
\l__xparse_m_args_int=\count178
\l__xparse_v_nesting_int=\count179
)
(d:/Softwares/TexLive/texlive/2020/texmf-dist/tex/latex/l3packages/l3keys2e/l3k
eys2e.sty
Package: l3keys2e 2020-03-06 LaTeX2e option processing using LaTeX3 keys
)
(d:/Softwares/TexLive/texlive/2020/texmf-dist/tex/latex/ctex/ctexhook.sty
Package: ctexhook 2019/05/29 v2.4.16 Document and package hooks (CTEX)
)
(d:/Softwares/TexLive/texlive/2020/texmf-dist/tex/latex/ctex/ctexpatch.sty
Package: ctexpatch 2019/05/29 v2.4.16 Patching commands (CTEX)
)
(d:/Softwares/TexLive/texlive/2020/texmf-dist/tex/latex/base/fix-cm.sty
Package: fix-cm 2015/01/14 v1.1t fixes to LaTeX

(d:/Softwares/TexLive/texlive/2020/texmf-dist/tex/latex/base/ts1enc.def
File: ts1enc.def 2001/06/05 v3.0e (jk/car/fm) Standard LaTeX file
LaTeX Font Info:    Redeclaring font encoding TS1 on input line 47.
))
(d:/Softwares/TexLive/texlive/2020/texmf-dist/tex/latex/ms/everysel.sty
Package: everysel 2011/10/28 v1.2 EverySelectfont Package (MS)
)
\l__ctex_tmp_int=\count180
\l__ctex_tmp_box=\box46
\l__ctex_tmp_dim=\dimen135
\g__ctex_section_depth_int=\count181
\g__ctex_font_size_int=\count182

(d:/Softwares/TexLive/texlive/2020/texmf-dist/tex/latex/ctex/config/ctexopts.cf
g
File: ctexopts.cfg 2019/05/29 v2.4.16 Option configuration file (CTEX)
)
(d:/Softwares/TexLive/texlive/2020/texmf-dist/tex/latex/ctex/engine/ctex-engine
-pdftex.def
File: ctex-engine-pdftex.def 2019/05/29 v2.4.16 (pdf)LaTeX adapter (CTEX)

(d:/Softwares/TexLive/texlive/2020/texmf-dist/tex/latex/cjk/texinput/CJKutf8.st
y
Package: CJKutf8 2015/04/18 4.8.4
 (d:/Softwares/TexLive/texlive/2020/texmf-dist/tex/generic/iftex/ifpdf.sty
Package: ifpdf 2019/10/25 v3.4 ifpdf legacy package. Use iftex instead.

(d:/Softwares/TexLive/texlive/2020/texmf-dist/tex/generic/iftex/iftex.sty
Package: iftex 2020/03/06 v1.0d TeX engine tests
))
(d:/Softwares/TexLive/texlive/2020/texmf-dist/tex/latex/base/inputenc.sty
Package: inputenc 2018/08/11 v1.3c Input encoding file
\inpenc@prehook=\toks15
\inpenc@posthook=\toks16
)
(d:/Softwares/TexLive/texlive/2020/texmf-dist/tex/latex/cjk/texinput/CJK.sty
Package: CJK 2015/04/18 4.8.4

(d:/Softwares/TexLive/texlive/2020/texmf-dist/tex/latex/cjk/texinput/mule/MULEe
nc.sty
Package: MULEenc 2015/04/18 4.8.4
)
(d:/Softwares/TexLive/texlive/2020/texmf-dist/tex/latex/cjk/texinput/CJK.enc
File: CJK.enc 2015/04/18 4.8.4
Now handling font encoding C00 ...
... no UTF-8 mapping file for font encoding C00
Now handling font encoding C05 ...
... no UTF-8 mapping file for font encoding C05
Now handling font encoding C09 ...
... no UTF-8 mapping file for font encoding C09
Now handling font encoding C10 ...
... no UTF-8 mapping file for font encoding C10
Now handling font encoding C20 ...
... no UTF-8 mapping file for font encoding C20
Now handling font encoding C19 ...
... no UTF-8 mapping file for font encoding C19
Now handling font encoding C40 ...
... no UTF-8 mapping file for font encoding C40
Now handling font encoding C42 ...
... no UTF-8 mapping file for font encoding C42
Now handling font encoding C43 ...
... no UTF-8 mapping file for font encoding C43
Now handling font encoding C50 ...
... no UTF-8 mapping file for font encoding C50
Now handling font encoding C52 ...
... no UTF-8 mapping file for font encoding C52
Now handling font encoding C49 ...
... no UTF-8 mapping file for font encoding C49
Now handling font encoding C60 ...
... no UTF-8 mapping file for font encoding C60
Now handling font encoding C61 ...
... no UTF-8 mapping file for font encoding C61
Now handling font encoding C63 ...
... no UTF-8 mapping file for font encoding C63
Now handling font encoding C64 ...
... no UTF-8 mapping file for font encoding C64
Now handling font encoding C65 ...
... no UTF-8 mapping file for font encoding C65
Now handling font encoding C70 ...
... no UTF-8 mapping file for font encoding C70
Now handling font encoding C31 ...
... no UTF-8 mapping file for font encoding C31
Now handling font encoding C32 ...
... no UTF-8 mapping file for font encoding C32
Now handling font encoding C33 ...
... no UTF-8 mapping file for font encoding C33
Now handling font encoding C34 ...
... no UTF-8 mapping file for font encoding C34
Now handling font encoding C35 ...
... no UTF-8 mapping file for font encoding C35
Now handling font encoding C36 ...
... no UTF-8 mapping file for font encoding C36
Now handling font encoding C37 ...
... no UTF-8 mapping file for font encoding C37
Now handling font encoding C80 ...
... no UTF-8 mapping file for font encoding C80
Now handling font encoding C81 ...
... no UTF-8 mapping file for font encoding C81
Now handling font encoding C01 ...
... no UTF-8 mapping file for font encoding C01
Now handling font encoding C11 ...
... no UTF-8 mapping file for font encoding C11
Now handling font encoding C21 ...
... no UTF-8 mapping file for font encoding C21
Now handling font encoding C41 ...
... no UTF-8 mapping file for font encoding C41
Now handling font encoding C62 ...
... no UTF-8 mapping file for font encoding C62
)
LaTeX Info: Redefining \selectfont on input line 755.
\CJK@indent=\box47
)
(d:/Softwares/TexLive/texlive/2020/texmf-dist/tex/latex/base/fontenc.sty
Package: fontenc 2020/02/11 v2.0o Standard LaTeX package
))
(d:/Softwares/TexLive/texlive/2020/texmf-dist/tex/latex/cjkpunct/CJKpunct.sty
Package: CJKpunct 2016/05/14 4.8.4
\CJKpunct@cnta=\count183
\CJKpunct@cntb=\count184
\CJKpunct@cntc=\count185
\CJKpunct@cntd=\count186
\CJKpunct@cnte=\count187
   defining Unicode char U+2018 (decimal 8216)
   defining Unicode char U+2019 (decimal 8217)
   defining Unicode char U+201C (decimal 8220)
   defining Unicode char U+201D (decimal 8221)
   defining Unicode char U+2014 (decimal 8212)
   defining Unicode char U+2026 (decimal 8230)

(d:/Softwares/TexLive/texlive/2020/texmf-dist/tex/latex/cjkpunct/CJKpunct.spa))

(d:/Softwares/TexLive/texlive/2020/texmf-dist/tex/latex/cjk/texinput/CJKspace.s
ty
Package: CJKspace 2015/04/18 3.8.0
) (d:/Softwares/TexLive/texlive/2020/texmf-dist/tex/latex/ctex/ctexspa.def
File: ctexspa.def 2019/05/29 v2.4.16 Space info for CJKpunct (CTEX)
)
(d:/Softwares/TexLive/texlive/2020/texmf-dist/tex/latex/cjk/texinput/CJKfntef.s
ty
Package: CJKfntef 2015/04/18 4.8.4

(d:/Softwares/TexLive/texlive/2020/texmf-dist/tex/latex/cjk/texinput/CJKulem.st
y
Package: CJKulem 2015/04/18 4.8.4
 (d:/Softwares/TexLive/texlive/2020/texmf-dist/tex/generic/ulem/ulem.sty
\UL@box=\box48
\UL@hyphenbox=\box49
\UL@skip=\skip49
\UL@hook=\toks17
\UL@height=\dimen136
\UL@pe=\count188
\UL@pixel=\dimen137
\ULC@box=\box50
Package: ulem 2019/11/18
\ULdepth=\dimen138
)
\UL@lastkern=\dimen139
\CJK@skip=\skip50
)
\CJK@fntefSkip=\skip51
\CJK@nest=\count189
\CJK@fntefDimen=\dimen140
\CJK@underdotBox=\box51
\CJK@ULbox=\box52
\CJK@underanyskip=\dimen141
)
\ccwd=\dimen142
\l__ctex_ccglue_skip=\skip52
)
\l__ctex_ziju_dim=\dimen143

(d:/Softwares/TexLive/texlive/2020/texmf-dist/tex/latex/zhnumber/zhnumber.sty
Package: zhnumber 2019/04/07 v2.7 Typesetting numbers with Chinese glyphs
\l__zhnum_scale_int=\count190
\l__zhnum_byte_min_int=\count191
\l__zhnum_byte_max_int=\count192

(d:/Softwares/TexLive/texlive/2020/texmf-dist/tex/latex/zhnumber/zhnumber-utf8.
cfg
File: zhnumber-utf8.cfg 2019/04/07 v2.7 Chinese numerals with UTF8 encoding
))
(d:/Softwares/TexLive/texlive/2020/texmf-dist/tex/latex/ctex/scheme/ctex-scheme
-chinese.def
File: ctex-scheme-chinese.def 2019/05/29 v2.4.16 Chinese scheme for generic (CT
EX)

(d:/Softwares/TexLive/texlive/2020/texmf-dist/tex/latex/ctex/config/ctex-name-u
tf8.cfg
File: ctex-name-utf8.cfg 2019/05/29 v2.4.16 Caption with encoding UTF8 (CTEX)
))
(d:/Softwares/TexLive/texlive/2020/texmf-dist/tex/latex/tools/indentfirst.sty
Package: indentfirst 1995/11/23 v1.03 Indent first paragraph (DPC)
)
(d:/Softwares/TexLive/texlive/2020/texmf-dist/tex/latex/ctex/ctex-c5size.clo
File: ctex-c5size.clo 2019/05/29 v2.4.16 c5size option (CTEX)
)
(d:/Softwares/TexLive/texlive/2020/texmf-dist/tex/latex/ctex/fontset/ctex-fonts
et-windows.def
File: ctex-fontset-windows.def 2019/05/29 v2.4.16 Windows fonts definition (CTE
X)

(d:/Softwares/TexLive/texlive/2020/texmf-dist/tex/latex/ctex/fontset/ctex-fonts
et-windowsnew.def
File: ctex-fontset-windowsnew.def 2019/05/29 v2.4.16 Windows fonts definition f
or Vista or later version (CTEX)

(d:/Softwares/TexLive/texlive/2020/texmf-dist/tex/generic/ctex/zhwindowsfonts.t
ex
File: zhwindowsfonts.tex 2019/05/29 v2.4.16 Windows font map loader for pdfTeX 
and DVIPDFMx (CTEX)
{d:/Softwares/TexLive/texlive/2020/texmf-var/fonts/map/pdftex/updmap/pdftex.map
}{UGBK.sfd}{Unicode.sfd}))))
(d:/Softwares/TexLive/texlive/2020/texmf-dist/tex/latex/ctex/config/ctex.cfg
File: ctex.cfg 2019/05/29 v2.4.16 Configuration file (CTEX)
)
(d:/Softwares/TexLive/texlive/2020/texmf-dist/tex/latex/picinpar/picinpar.sty
Pictures in Paragraphs. Version 1.2a, July 13, 1993
\br=\count193
\bl=\count194
\na=\count195
\nb=\count196
\tcdsav=\count197
\tcl=\count198
\tcd=\count199
\tcn=\count266
\cumtcl=\count267
\cumpartcl=\count268
\lftside=\dimen144
\rtside=\dimen145
\hpic=\dimen146
\vpic=\dimen147
\strutilg=\dimen148
\picwd=\dimen149
\topheight=\dimen150
\ilg=\dimen151
\lpic=\dimen152
\lwindowsep=\dimen153
\rwindowsep=\dimen154
\cumpar=\dimen155
\twa=\toks18
\la=\toks19
\ra=\toks20
\ha=\toks21
\pictoc=\toks22
\rawtext=\box53
\holder=\box54
\windowbox=\box55
\wartext=\box56
\finaltext=\box57
\aslice=\box58
\bslice=\box59
\wbox=\box60
\wstrutbox=\box61
\picbox=\box62
\waslice=\box63
\wbslice=\box64
\fslice=\box65
) (d:/Softwares/TexLive/texlive/2020/texmf-dist/tex/latex/graphics/graphicx.sty
Package: graphicx 2019/11/30 v1.2a Enhanced LaTeX Graphics (DPC,SPQR)
(d:/Softwares/TexLive/texlive/2020/texmf-dist/tex/latex/graphics/keyval.sty
Package: keyval 2014/10/28 v1.15 key=value parser (DPC)
\KV@toks@=\toks23
)
(d:/Softwares/TexLive/texlive/2020/texmf-dist/tex/latex/graphics/graphics.sty
Package: graphics 2019/11/30 v1.4a Standard LaTeX Graphics (DPC,SPQR)

(d:/Softwares/TexLive/texlive/2020/texmf-dist/tex/latex/graphics/trig.sty
Package: trig 2016/01/03 v1.10 sin cos tan (DPC)
)
(d:/Softwares/TexLive/texlive/2020/texmf-dist/tex/latex/graphics-cfg/graphics.c
fg
File: graphics.cfg 2016/06/04 v1.11 sample graphics configuration
)
Package graphics Info: Driver file: pdftex.def on input line 105.

(d:/Softwares/TexLive/texlive/2020/texmf-dist/tex/latex/graphics-def/pdftex.def
File: pdftex.def 2018/01/08 v1.0l Graphics/color driver for pdftex
))
\Gin@req@height=\dimen156
\Gin@req@width=\dimen157
) (d:/Softwares/TexLive/texlive/2020/texmf-dist/tex/latex/float/float.sty
Package: float 2001/11/08 v1.3d Float enhancements (AL)
\c@float@type=\count269
\float@exts=\toks24
\float@box=\box66
\@float@everytoks=\toks25
\@floatcapt=\box67
)
(d:/Softwares/TexLive/texlive/2020/texmf-dist/tex/latex/geometry/geometry.sty
Package: geometry 2020/01/02 v5.9 Page Geometry

(d:/Softwares/TexLive/texlive/2020/texmf-dist/tex/generic/iftex/ifvtex.sty
Package: ifvtex 2019/10/25 v1.7 ifvtex legacy package. Use iftex instead.
)
\Gm@cnth=\count270
\Gm@cntv=\count271
\c@Gm@tempcnt=\count272
\Gm@bindingoffset=\dimen158
\Gm@wd@mp=\dimen159
\Gm@odd@mp=\dimen160
\Gm@even@mp=\dimen161
\Gm@layoutwidth=\dimen162
\Gm@layoutheight=\dimen163
\Gm@layouthoffset=\dimen164
\Gm@layoutvoffset=\dimen165
\Gm@dimlist=\toks26
)
(d:/Softwares/TexLive/texlive/2020/texmf-dist/tex/latex/listings/listings.sty
\lst@mode=\count273
\lst@gtempboxa=\box68
\lst@token=\toks27
\lst@length=\count274
\lst@currlwidth=\dimen166
\lst@column=\count275
\lst@pos=\count276
\lst@lostspace=\dimen167
\lst@width=\dimen168
\lst@newlines=\count277
\lst@lineno=\count278
\lst@maxwidth=\dimen169

(d:/Softwares/TexLive/texlive/2020/texmf-dist/tex/latex/listings/lstmisc.sty
File: lstmisc.sty 2020/03/24 1.8d (Carsten Heinz)
\c@lstnumber=\count279
\lst@skipnumbers=\count280
\lst@framebox=\box69
)
(d:/Softwares/TexLive/texlive/2020/texmf-dist/tex/latex/listings/listings.cfg
File: listings.cfg 2020/03/24 1.8d listings configuration
))
Package: listings 2020/03/24 1.8d (Carsten Heinz)
(d:/Softwares/TexLive/texlive/2020/texmf-dist/tex/latex/xcolor/xcolor.sty
Package: xcolor 2016/05/11 v2.12 LaTeX color extensions (UK)

(d:/Softwares/TexLive/texlive/2020/texmf-dist/tex/latex/graphics-cfg/color.cfg
File: color.cfg 2016/01/02 v1.6 sample color configuration
)
Package xcolor Info: Driver file: pdftex.def on input line 225.
Package xcolor Info: Model `cmy' substituted by `cmy0' on input line 1348.
Package xcolor Info: Model `hsb' substituted by `rgb' on input line 1352.
Package xcolor Info: Model `RGB' extended on input line 1364.
Package xcolor Info: Model `HTML' substituted by `rgb' on input line 1366.
Package xcolor Info: Model `Hsb' substituted by `hsb' on input line 1367.
Package xcolor Info: Model `tHsb' substituted by `hsb' on input line 1368.
Package xcolor Info: Model `HSB' substituted by `hsb' on input line 1369.
Package xcolor Info: Model `Gray' substituted by `gray' on input line 1370.
Package xcolor Info: Model `wave' substituted by `hsb' on input line 1371.
)
(d:/Softwares/TexLive/texlive/2020/texmf-dist/tex/latex/cjk/texinput/UTF8/UTF8.
bdg
File: UTF8.bdg 2015/04/18 4.8.4
)
(d:/Softwares/TexLive/texlive/2020/texmf-dist/tex/latex/cjk/texinput/UTF8/UTF8.
enc
File: UTF8.enc 2015/04/18 4.8.4
)
(d:/Softwares/TexLive/texlive/2020/texmf-dist/tex/latex/cjk/texinput/UTF8/UTF8.
chr
File: UTF8.chr 2015/04/18 4.8.4
) (./Java01.aux

LaTeX Warning: Label `fig:label' multiply defined.


LaTeX Warning: Label `fig:label' multiply defined.


LaTeX Warning: Label `fig:label' multiply defined.


LaTeX Warning: Label `fig:label' multiply defined.


LaTeX Warning: Label `fig:label' multiply defined.


LaTeX Warning: Label `fig:label' multiply defined.


LaTeX Warning: Label `fig:label' multiply defined.


LaTeX Warning: Label `fig:label' multiply defined.


LaTeX Warning: Label `fig:label' multiply defined.


LaTeX Warning: Label `fig:label' multiply defined.


LaTeX Warning: Label `fig:label' multiply defined.


LaTeX Warning: Label `fig:label' multiply defined.


LaTeX Warning: Label `fig:label' multiply defined.

)
\openout1 = `Java01.aux'.

LaTeX Font Info:    Checking defaults for OML/cmm/m/it on input line 15.
LaTeX Font Info:    ... okay on input line 15.
LaTeX Font Info:    Checking defaults for OMS/cmsy/m/n on input line 15.
LaTeX Font Info:    ... okay on input line 15.
LaTeX Font Info:    Checking defaults for OT1/cmr/m/n on input line 15.
LaTeX Font Info:    ... okay on input line 15.
LaTeX Font Info:    Checking defaults for T1/cmr/m/n on input line 15.
LaTeX Font Info:    ... okay on input line 15.
LaTeX Font Info:    Checking defaults for TS1/cmr/m/n on input line 15.
LaTeX Font Info:    ... okay on input line 15.
LaTeX Font Info:    Checking defaults for OMX/cmex/m/n on input line 15.
LaTeX Font Info:    ... okay on input line 15.
LaTeX Font Info:    Checking defaults for U/cmr/m/n on input line 15.
LaTeX Font Info:    ... okay on input line 15.
LaTeX Font Info:    Checking defaults for C00/song/m/n on input line 15.
LaTeX Font Info:    ... okay on input line 15.
LaTeX Font Info:    Checking defaults for C05/song/m/n on input line 15.
LaTeX Font Info:    ... okay on input line 15.
LaTeX Font Info:    Checking defaults for C09/song/m/n on input line 15.
LaTeX Font Info:    ... okay on input line 15.
LaTeX Font Info:    Checking defaults for C10/song/m/n on input line 15.
LaTeX Font Info:    ... okay on input line 15.
LaTeX Font Info:    Checking defaults for C20/song/m/n on input line 15.
LaTeX Font Info:    ... okay on input line 15.
LaTeX Font Info:    Checking defaults for C19/song/m/n on input line 15.
LaTeX Font Info:    ... okay on input line 15.
LaTeX Font Info:    Checking defaults for C40/song/m/n on input line 15.
LaTeX Font Info:    ... okay on input line 15.
LaTeX Font Info:    Checking defaults for C42/song/m/n on input line 15.
LaTeX Font Info:    ... okay on input line 15.
LaTeX Font Info:    Checking defaults for C43/song/m/n on input line 15.
LaTeX Font Info:    ... okay on input line 15.
LaTeX Font Info:    Checking defaults for C50/song/m/n on input line 15.
LaTeX Font Info:    ... okay on input line 15.
LaTeX Font Info:    Checking defaults for C52/song/m/n on input line 15.
LaTeX Font Info:    ... okay on input line 15.
LaTeX Font Info:    Checking defaults for C49/song/m/n on input line 15.
LaTeX Font Info:    ... okay on input line 15.
LaTeX Font Info:    Checking defaults for C60/mj/m/n on input line 15.
LaTeX Font Info:    ... okay on input line 15.
LaTeX Font Info:    Checking defaults for C61/mj/m/n on input line 15.
LaTeX Font Info:    ... okay on input line 15.
LaTeX Font Info:    Checking defaults for C63/mj/m/n on input line 15.
LaTeX Font Info:    ... okay on input line 15.
LaTeX Font Info:    Checking defaults for C64/mj/m/n on input line 15.
LaTeX Font Info:    ... okay on input line 15.
LaTeX Font Info:    Checking defaults for C65/mj/m/n on input line 15.
LaTeX Font Info:    ... okay on input line 15.
LaTeX Font Info:    Checking defaults for C70/song/m/n on input line 15.
LaTeX Font Info:    ... okay on input line 15.
LaTeX Font Info:    Checking defaults for C31/song/m/n on input line 15.
LaTeX Font Info:    ... okay on input line 15.
LaTeX Font Info:    Checking defaults for C32/song/m/n on input line 15.
LaTeX Font Info:    ... okay on input line 15.
LaTeX Font Info:    Checking defaults for C33/song/m/n on input line 15.
LaTeX Font Info:    ... okay on input line 15.
LaTeX Font Info:    Checking defaults for C34/song/m/n on input line 15.
LaTeX Font Info:    ... okay on input line 15.
LaTeX Font Info:    Checking defaults for C35/song/m/n on input line 15.
LaTeX Font Info:    ... okay on input line 15.
LaTeX Font Info:    Checking defaults for C36/song/m/n on input line 15.
LaTeX Font Info:    ... okay on input line 15.
LaTeX Font Info:    Checking defaults for C37/song/m/n on input line 15.
LaTeX Font Info:    ... okay on input line 15.
LaTeX Font Info:    Checking defaults for C80/song/m/n on input line 15.
LaTeX Font Info:    ... okay on input line 15.
LaTeX Font Info:    Checking defaults for C81/song/m/n on input line 15.
LaTeX Font Info:    ... okay on input line 15.
LaTeX Font Info:    Checking defaults for C01/song/m/n on input line 15.
LaTeX Font Info:    ... okay on input line 15.
LaTeX Font Info:    Checking defaults for C11/song/m/n on input line 15.
LaTeX Font Info:    ... okay on input line 15.
LaTeX Font Info:    Checking defaults for C21/song/m/n on input line 15.
LaTeX Font Info:    ... okay on input line 15.
LaTeX Font Info:    Checking defaults for C41/song/m/n on input line 15.
LaTeX Font Info:    ... okay on input line 15.
LaTeX Font Info:    Checking defaults for C62/song/m/n on input line 15.
LaTeX Font Info:    ... okay on input line 15.
 ABD: EverySelectfont initializing macros
LaTeX Info: Redefining \selectfont on input line 15.

(d:/Softwares/TexLive/texlive/2020/texmf-dist/tex/context/base/mkii/supp-pdf.mk
ii
[Loading MPS to PDF converter (version 2006.09.02).]
\scratchcounter=\count281
\scratchdimen=\dimen170
\scratchbox=\box70
\nofMPsegments=\count282
\nofMParguments=\count283
\everyMPshowfont=\toks28
\MPscratchCnt=\count284
\MPscratchDim=\dimen171
\MPnumerator=\count285
\makeMPintoPDFobject=\count286
\everyMPtoPDFconversion=\toks29
)
(d:/Softwares/TexLive/texlive/2020/texmf-dist/tex/latex/epstopdf-pkg/epstopdf-b
ase.sty
Package: epstopdf-base 2020-01-24 v2.11 Base part for package epstopdf
Package epstopdf-base Info: Redefining graphics rule for `.eps' on input line 4
85.

(d:/Softwares/TexLive/texlive/2020/texmf-dist/tex/latex/latexconfig/epstopdf-sy
s.cfg
File: epstopdf-sys.cfg 2010/07/13 v1.3 Configuration of (r)epstopdf for TeX Liv
e
))
*geometry* driver: auto-detecting
*geometry* detected driver: pdftex
*geometry* verbose mode - [ preamble ] result:
* driver: pdftex
* paper: <default>
* layout: <same size as paper>
* layoutoffset:(h,v)=(0.0pt,0.0pt)
* modes: 
* h-part:(L,W,R)=(56.9055pt, 500.484pt, 56.9055pt)
* v-part:(T,H,B)=(56.9055pt, 681.15898pt, 56.9055pt)
* \paperwidth=614.295pt
* \paperheight=794.96999pt
* \textwidth=500.484pt
* \textheight=681.15898pt
* \oddsidemargin=-15.36449pt
* \evensidemargin=-15.36449pt
* \topmargin=-52.36449pt
* \headheight=12.0pt
* \headsep=25.0pt
* \topskip=10.0pt
* \footskip=30.0pt
* \marginparwidth=65.0pt
* \marginparsep=11.0pt
* \columnsep=10.0pt
* \skip\footins=9.0pt plus 4.0pt minus 2.0pt
* \hoffset=0.0pt
* \voffset=0.0pt
* \mag=1000
* \@twocolumnfalse
* \@twosidefalse
* \@mparswitchfalse
* \@reversemarginfalse
* (1in=72.27pt=25.4mm, 1cm=28.453pt)

\c@lstlisting=\count287
LaTeX Font Info:    Trying to load font information for C70+rm on input line 16
.
(d:/Softwares/TexLive/texlive/2020/texmf-dist/tex/latex/ctex/fd/c70rm.fd
File: c70rm.fd 2019/05/29 v2.4.16 Chinese font definition (CTEX)
)
LaTeX Font Info:    External font `cmex10' loaded for size
(Font)              <12.045> on input line 16.
LaTeX Font Info:    External font `cmex10' loaded for size
(Font)              <8> on input line 16.
LaTeX Font Info:    External font `cmex10' loaded for size
(Font)              <6> on input line 16.
Package CJKpunct Info: use punctuation spaces for family 'rm' with punctstyle (
quanjiao) on input line 20.
<1.png, id=50, 696.80325pt x 210.7875pt>
File: 1.png Graphic file (type png)
<use 1.png>
Package pdftex.def Info: 1.png  used on input line 39.
(pdftex.def)             Requested size: 341.43306pt x 103.28677pt.

[1

 <./1.png>]
<2.png, id=132, 404.712pt x 146.34676pt>
File: 2.png Graphic file (type png)
<use 2.png>
Package pdftex.def Info: 2.png  used on input line 55.
(pdftex.def)             Requested size: 314.74161pt x 113.81102pt.
 [2 <./2.png>]
<3.png, id=164, 944.93025pt x 455.301pt>
File: 3.png Graphic file (type png)
<use 3.png>
Package pdftex.def Info: 3.png  used on input line 103.
(pdftex.def)             Requested size: 512.1496pt x 246.78287pt.

Overfull \hbox (11.6656pt too wide) in paragraph at lines 103--104
 [][] 
 []

<4.png, id=166, 744.98325pt x 230.0595pt>
File: 4.png Graphic file (type png)
<use 4.png>
Package pdftex.def Info: 4.png  used on input line 116.
(pdftex.def)             Requested size: 341.43306pt x 105.439pt.
[3 <./3.png> <./4.png>]
<5.png, id=180, 641.9985pt x 231.264pt>
File: 5.png Graphic file (type png)
<use 5.png>
Package pdftex.def Info: 5.png  used on input line 183.
(pdftex.def)             Requested size: 394.94919pt x 142.26378pt.
 [4]
<6.png, id=193, 767.86874pt x 423.38174pt>
File: 6.png Graphic file (type png)
<use 6.png>
Package pdftex.def Info: 6.png  used on input line 212.
(pdftex.def)             Requested size: 206.41342pt x 113.81102pt.
<7.png, id=194, 293.898pt x 169.23225pt>
File: 7.png Graphic file (type png)
<use 7.png>
Package pdftex.def Info: 7.png  used on input line 222.
(pdftex.def)             Requested size: 247.0789pt x 142.26378pt.
LaTeX Font Info:    External font `cmex10' loaded for size
(Font)              <10.53937> on input line 238.
LaTeX Font Info:    External font `cmex10' loaded for size
(Font)              <7> on input line 238.
LaTeX Font Info:    External font `cmex10' loaded for size
(Font)              <5> on input line 238.
 [5 <./5.png> <./6.png> <./7.png>]
<8.png, id=201, 254.1495pt x 137.91525pt>
File: 8.png Graphic file (type png)
<use 8.png>
Package pdftex.def Info: 8.png  used on input line 244.
(pdftex.def)             Requested size: 209.73021pt x 113.81102pt.
<9.png, id=202, 270.41025pt x 63.23625pt>
File: 9.png Graphic file (type png)
<use 9.png>
Package pdftex.def Info: 9.png  used on input line 256.
(pdftex.def)             Requested size: 227.62204pt x 53.23pt.
<10.png, id=203, 216.20775pt x 37.94176pt>
File: 10.png Graphic file (type png)
<use 10.png>
Package pdftex.def Info: 10.png  used on input line 270.
(pdftex.def)             Requested size: 227.62204pt x 39.94537pt.
 [6 <./8.png> <./9.png> <./10.png>]
LaTeX Font Info:    Trying to load font information for OMS+cmr on input line 3
09.

(d:/Softwares/TexLive/texlive/2020/texmf-dist/tex/latex/base/omscmr.fd
File: omscmr.fd 2019/12/16 v2.5j Standard LaTeX font definitions
)
LaTeX Font Info:    Font shape `OMS/cmr/m/n' in size <10.53937> not available
(Font)              Font shape `OMS/cmsy/m/n' tried instead on input line 309.
<11.png, id=216, 940.7145pt x 570.933pt>
File: 11.png Graphic file (type png)
<use 11.png>
Package pdftex.def Info: 11.png  used on input line 322.
(pdftex.def)             Requested size: 227.62204pt x 138.14182pt.
<12.png, id=217, 338.4645pt x 62.634pt>
File: 12.png Graphic file (type png)
<use 12.png>
Package pdftex.def Info: 12.png  used on input line 336.
(pdftex.def)             Requested size: 170.71652pt x 31.59216pt.
<13.png, id=218, 396.88275pt x 57.816pt>
File: 13.png Graphic file (type png)
<use 13.png>
Package pdftex.def Info: 13.png  used on input line 344.
(pdftex.def)             Requested size: 170.71652pt x 24.8692pt.

Overfull \hbox (27.88957pt too wide) in paragraph at lines 353--354
[]\OT1/cmr/m/n/10.53937 1|\C70/rm/m/n/10.53937/30 ^^A| \OT1/cmr/m/n/10.53937 cl
asspath|\C70/rm/m/n/10.53937/ff ^^Z| \C70/rm/m/n/10.53937/7c ˚ \C70/rm/m/n/10.5
3937/7e ﬂ \C70/rm/m/n/10.53937/4e - \C70/rm/m/n/10.53937/67 , \C70/rm/m/n/10.53
937/8e ´ \C70/rm/m/n/10.53937/5c 1 \C70/rm/m/n/10.53937/67 	 \C70/rm/m/n/10.539
37/4e ^^@ * \C70/rm/m/n/10.53937/73 Ø \C70/rm/m/n/10.53937/58 É \C70/rm/m/n/10.
53937/53 ÿ \C70/rm/m/n/10.53937/91 œ \C70/rm/m/n/10.53937/53 Î\OT1/cmr/m/n/10.5
3937 classpath|\C70/rm/m/n/10.53937/ff ^^L| \C70/rm/m/n/10.53937/53 Í \C70/rm/m
/n/10.53937/4e ^^M \C70/rm/m/n/10.53937/8f « \C70/rm/m/n/10.53937/6c ° \C70/rm/
m/n/10.53937/67 	 \C70/rm/m/n/10.53937/66 > \C70/rm/m/n/10.53937/5f ^^O \C70/rm
/m/n/10.53937/88 h \C70/rm/m/n/10.53937/8f æ \C70/rm/m/n/10.53937/51 ˙ \C70/rm/
m/n/10.53937/67 e|\C70/rm/m/n/10.53937/ff ^^L| \C70/rm/m/n/10.53937/59 Ç \C70/r
m/m/n/10.53937/67 ú \C70/rm/m/n/10.53937/4e ∫ \C70/rm/m/n/10.53937/5d Â \C70/rm
/m/n/10.53937/91 M \C70/rm/m/n/10.53937/7f n\OT1/cmr/m/n/10.53937 classpath\C70
/rm/m/n/10.53937/76 Ñ
 []

[7 <./11.png> <./12.png> <./13.png>]
<14.png, id=231, 1011.78pt x 426.99525pt>
File: 14.png Graphic file (type png)
<use 14.png>
Package pdftex.def Info: 14.png  used on input line 391.
(pdftex.def)             Requested size: 284.52756pt x 120.07909pt.

Overfull \hbox (8.18683pt too wide) in paragraph at lines 398--399
[]\C70/rm/m/n/10.53937/5b ˘ \C70/rm/m/n/10.53937/4e é\OT1/cmr/m/n/10.53937 Java
\C70/rm/m/n/10.53937/86 Z \C70/rm/m/n/10.53937/62 ﬂ \C70/rm/m/n/10.53937/67 : e
 \C70/rm/m/n/10.53937/8b Ù|\C70/rm/m/n/10.53937/ff ^^L| \C70/rm/m/n/10.53937/62
 g \C70/rm/m/n/10.53937/88 L \C70/rm/m/n/10.53937/76 Ñ \C70/rm/m/n/10.53937/66 
/\OT1/cmr/m/n/10.53937 .class\C70/rm/m/n/10.53937/5b W \C70/rm/m/n/10.53937/82 
Ç \C70/rm/m/n/10.53937/78 ^^A \C70/rm/m/n/10.53937/65 á \C70/rm/m/n/10.53937/4e
 ˆ|\C70/rm/m/n/10.53937/ff ^^L| \C70/rm/m/n/10.53937/65 E \C70/rm/m/n/10.53937/
80 ^^L \C70/rm/m/n/10.53937/57 ( \C70/rm/m/n/10.53937/54 ^^H \C70/rm/m/n/10.539
37/4f \ \C70/rm/m/n/10.53937/65 ˆ \C70/rm/m/n/10.53937/53 Í \C70/rm/m/n/10.5393
7/52 ^^F \C70/rm/m/n/10.53937/4e ´\OT1/cmr/m/n/10.53937 .class\C70/rm/m/n/10.53
937/5b W \C70/rm/m/n/10.53937/82 Ç \C70/rm/m/n/10.53937/78 ^^A \C70/rm/m/n/10.5
3937/65 á \C70/rm/m/n/10.53937/4e ˆ|\C70/rm/m/n/10.53937/ff ^^L| \C70/rm/m/n/10
.53937/80 ^^L \C70/rm/m/n/10.53937/4e ^^M \C70/rm/m/n/10.53937/52 ^^F \C70/rm/m
/n/10.53937/4e ´\OT1/cmr/m/n/10.53937 .java\C70/rm/m/n/10.53937/6e ê
 []

[8 <./14.png>]
Overfull \hbox (56.3756pt too wide) in paragraph at lines 418--419
[]\OT1/cmr/m/n/10.53937 D:$\OMS/cmsy/m/n/10.53937 n$\OT1/cmr/m/n/10.53937 Softw
ares$\OMS/cmsy/m/n/10.53937 n$\OT1/cmr/m/n/10.53937 JDK$\OMS/cmsy/m/n/10.53937 
n$\OT1/cmr/m/n/10.53937 lib$\OMS/cmsy/m/n/10.53937 n$\C70/rm/m/n/10.53937/65 á 
\C70/rm/m/n/10.53937/4e ˆ \C70/rm/m/n/10.53937/8d Ô \C70/rm/m/n/10.53937/5f Ñ \
C70/rm/m/n/10.53937/4e  \C70/rm/m/n/10.53937/76 Ñ\OT1/cmr/m/n/10.53937 dt.jar\
C70/rm/m/n/10.53937/54 å\OT1/cmr/m/n/10.53937 tools.jar\C70/rm/m/n/10.53937/66 
/\OT1/cmr/m/n/10.53937 Java\C70/rm/m/n/10.53937/67 ^^@ \C70/rm/m/n/10.53937/68 
8 \C70/rm/m/n/10.53937/5f √ \C70/rm/m/n/10.53937/76 Ñ \C70/rm/m/n/10.53937/4e $
 * \C70/rm/m/n/10.53937/53 ^^E|\C70/rm/m/n/10.53937/30 ^^B| \C70/rm/m/n/10.5393
7/8f ì \C70/rm/m/n/10.53937/51 e\OT1/cmr/m/n/10.53937 javac\C70/rm/m/n/10.53937
/54 } \C70/rm/m/n/10.53937/4e ‰ \C70/rm/m/n/10.53937/65 ˆ \C70/rm/m/n/10.53937/
5e v \C70/rm/m/n/10.53937/4e ^^M \C70/rm/m/n/10.53937/66 / \C70/rm/m/n/10.53937
/53 ª\OT1/cmr/m/n/10.53937 JDK\C70/rm/m/n/10.53937/76 Ñ\OT1/cmr/m/n/10.53937 bi
n\C70/rm/m/n/10.53937/76 Ó
 []


Overfull \hbox (28.5924pt too wide) in paragraph at lines 424--425
[]\OT1/cmr/m/n/10.53937 JVM\C70/rm/m/n/10.53937/4e ^^M \C70/rm/m/n/10.53937/80 
˝ \C70/rm/m/n/10.53937/53 U \C70/rm/m/n/10.53937/72 Ï \C70/rm/m/n/10.53937/64 ^
^^ \C70/rm/m/n/10.53937/5b ö\OT1/cmr/m/n/10.53937 .class\C70/rm/m/n/10.53937/5b
 W \C70/rm/m/n/10.53937/82 Ç \C70/rm/m/n/10.53937/78 ^^A \C70/rm/m/n/10.53937/6
5 á \C70/rm/m/n/10.53937/4e ˆ \C70/rm/m/n/10.53937/62 g \C70/rm/m/n/10.53937/88
 L \C70/rm/m/n/10.53937/76 Ñ \C70/rm/m/n/10.53937/5d Â \C70/rm/m/n/10.53937/4f 
\|\C70/rm/m/n/10.53937/ff ^^L| \C70/rm/m/n/10.53937/97 ^^@ \C70/rm/m/n/10.53937
/89 Å\OT1/cmr/m/n/10.53937 JRE$\OMS/cmsy/m/n/10.53937 n$\OT1/cmr/m/n/10.53937 J
VM.dll\C70/rm/m/n/10.53937/8c ^^C \C70/rm/m/n/10.53937/75 (\OT1/cmr/m/n/10.5393
7 JRE$\OMS/cmsy/m/n/10.53937 n$\OT1/cmr/m/n/10.53937 lib\C70/rm/m/n/10.53937/51
 Ö \C70/rm/m/n/10.53937/76 Ñ \C70/rm/m/n/10.53937/65 á \C70/rm/m/n/10.53937/4e 
ˆ \C70/rm/m/n/10.53937/62 M \C70/rm/m/n/10.53937/80 ˝ \C70/rm/m/n/10.53937/89 „
 \C70/rm/m/n/10.53937/91   \C70/rm/m/n/10.53937/62 g \C70/rm/m/n/10.53937/88 L\
OT1/cmr/m/n/10.53937 .class\C70/rm/m/n/10.53937/5b W
 []

[9] (./Java01.aux)

LaTeX Warning: There were multiply-defined labels.

 ) 
Here is how much of TeX's memory you used:
 9289 strings out of 480608
 150045 string characters out of 5898697
 388079 words of memory out of 5000000
 24748 multiletter control sequences out of 15000+600000
 571153 words of font info for 166 fonts, out of 8000000 for 9000
 1141 hyphenation exceptions out of 8191
 46i,7n,52p,504b,1221s stack positions out of 5000i,500n,10000p,200000b,80000s
<c:/Windows/Fonts/simhei.ttf><c:/Windows/Fonts/simhei.ttf><c:/Windows/Fonts/s
imhei.ttf><c:/Windows/Fonts/simhei.ttf><c:/Windows/Fonts/simhei.ttf><c:/Windows
/Fonts/simsun.ttc><c:/Windows/Fonts/simsun.ttc><c:/Windows/Fonts/simhei.ttf><c:
/Windows/Fonts/simsun.ttc><c:/Windows/Fonts/simsun.ttc><c:/Windows/Fonts/simhei
.ttf><c:/Windows/Fonts/simhei.ttf><c:/Windows/Fonts/simhei.ttf><c:/Windows/Font
s/simhei.ttf><c:/Windows/Fonts/simsun.ttc><c:/Windows/Fonts/simhei.ttf><c:/Wind
ows/Fonts/simhei.ttf><c:/Windows/Fonts/simhei.ttf><c:/Windows/Fonts/simhei.ttf>
{d:/Softwares/TexLive/texlive/2020/texmf-dist/fonts/enc/dvips/cm-super/cm-super
-ts1.enc}<c:/Windows/Fonts/simhei.ttf><c:/Windows/Fonts/simsun.ttc><c:/Windows/
Fonts/simsun.ttc><c:/Windows/Fonts/simsun.ttc><c:/Windows/Fonts/simhei.ttf><c:/
Windows/Fonts/simhei.ttf><c:/Windows/Fonts/simsun.ttc><c:/Windows/Fonts/simhei.
ttf><c:/Windows/Fonts/simhei.ttf><c:/Windows/Fonts/simhei.ttf><c:/Windows/Fonts
/simhei.ttf><c:/Windows/Fonts/simsun.ttc><c:/Windows/Fonts/simsun.ttc><c:/Windo
ws/Fonts/simhei.ttf><c:/Windows/Fonts/simhei.ttf><c:/Windows/Fonts/simhei.ttf><
c:/Windows/Fonts/simsun.ttc><c:/Windows/Fonts/simsun.ttc><c:/Windows/Fonts/sims
un.ttc><c:/Windows/Fonts/simsun.ttc><c:/Windows/Fonts/simsun.ttc><c:/Windows/Fo
nts/simsun.ttc><c:/Windows/Fonts/simhei.ttf><c:/Windows/Fonts/simhei.ttf><c:/Wi
ndows/Fonts/simhei.ttf><c:/Windows/Fonts/simhei.ttf><c:/Windows/Fonts/simhei.tt
f><c:/Windows/Fonts/simhei.ttf><c:/Windows/Fonts/simsun.ttc><c:/Windows/Fonts/s
imsun.ttc><c:/Windows/Fonts/simsun.ttc><c:/Windows/Fonts/simsun.ttc><c:/Windows
/Fonts/simsun.ttc><c:/Windows/Fonts/simsun.ttc><c:/Windows/Fonts/simhei.ttf><c:
/Windows/Fonts/simhei.ttf><c:/Windows/Fonts/simhei.ttf><c:/Windows/Fonts/simsun
.ttc><c:/Windows/Fonts/simsun.ttc><c:/Windows/Fonts/simsun.ttc><c:/Windows/Font
s/simsun.ttc><c:/Windows/Fonts/simsun.ttc><c:/Windows/Fonts/simsun.ttc><c:/Wind
ows/Fonts/simsun.ttc><c:/Windows/Fonts/simsun.ttc><c:/Windows/Fonts/simsun.ttc>
<c:/Windows/Fonts/simsun.ttc><c:/Windows/Fonts/simsun.ttc><c:/Windows/Fonts/sim
sun.ttc><c:/Windows/Fonts/simsun.ttc><c:/Windows/Fonts/simsun.ttc><c:/Windows/F
onts/simsun.ttc><c:/Windows/Fonts/simsun.ttc><c:/Windows/Fonts/simsun.ttc><c:/W
indows/Fonts/simsun.ttc><c:/Windows/Fonts/simsun.ttc><c:/Windows/Fonts/simsun.t
tc><c:/Windows/Fonts/simsun.ttc><c:/Windows/Fonts/simsun.ttc><c:/Windows/Fonts/
simsun.ttc><c:/Windows/Fonts/simsun.ttc><c:/Windows/Fonts/simsun.ttc><c:/Window
s/Fonts/simsun.ttc><c:/Windows/Fonts/simsun.ttc><c:/Windows/Fonts/simsun.ttc><c
:/Windows/Fonts/simsun.ttc><c:/Windows/Fonts/simsun.ttc><c:/Windows/Fonts/simsu
n.ttc><c:/Windows/Fonts/simsun.ttc><c:/Windows/Fonts/simsun.ttc><c:/Windows/Fon
ts/simsun.ttc><c:/Windows/Fonts/simsun.ttc><c:/Windows/Fonts/simsun.ttc><c:/Win
dows/Fonts/simsun.ttc><c:/Windows/Fonts/simsun.ttc><c:/Windows/Fonts/simsun.ttc
><c:/Windows/Fonts/simsun.ttc><c:/Windows/Fonts/simsun.ttc><c:/Windows/Fonts/si
mhei.ttf><c:/Windows/Fonts/simhei.ttf><c:/Windows/Fonts/simhei.ttf><c:/Windows/
Fonts/simhei.ttf><c:/Windows/Fonts/simhei.ttf><c:/Windows/Fonts/simhei.ttf><c:/
Windows/Fonts/simhei.ttf><c:/Windows/Fonts/simhei.ttf><c:/Windows/Fonts/simsun.
ttc><c:/Windows/Fonts/simsun.ttc><c:/Windows/Fonts/simsun.ttc><c:/Windows/Fonts
/simsun.ttc><c:/Windows/Fonts/simsun.ttc><c:/Windows/Fonts/simsun.ttc><c:/Windo
ws/Fonts/simsun.ttc><c:/Windows/Fonts/simsun.ttc><d:/Softwares/TexLive/texlive/
2020/texmf-dist/fonts/type1/public/amsfonts/cm/cmbx12.pfb><d:/Softwares/TexLive
/texlive/2020/texmf-dist/fonts/type1/public/amsfonts/cm/cmr10.pfb><d:/Softwares
/TexLive/texlive/2020/texmf-dist/fonts/type1/public/amsfonts/cm/cmr12.pfb><d:/S
oftwares/TexLive/texlive/2020/texmf-dist/fonts/type1/public/amsfonts/cm/cmr17.p
fb><d:/Softwares/TexLive/texlive/2020/texmf-dist/fonts/type1/public/amsfonts/cm
/cmsy10.pfb><d:/Softwares/TexLive/texlive/2020/texmf-dist/fonts/type1/public/cm
-super/sfrm1000.pfb>
Output written on Java01.pdf (9 pages, 2966672 bytes).
PDF statistics:
 616 PDF objects out of 1000 (max. 8388607)
 381 compressed objects within 4 object streams
 0 named destinations out of 1000 (max. 500000)
 363 words of extra memory for PDF output out of 10000 (max. 10000000)

